<?xml version="1.0" encoding="UTF-8"?>
<testng-results skipped="0" failed="0" ignored="0" total="1" passed="1">
  <reporter-output>
  </reporter-output>
  <suite name="Suite" duration-ms="94153" started-at="2020-12-10T13:31:28Z" finished-at="2020-12-10T13:33:02Z">
    <groups>
    </groups>
    <test name="AmazonAppTest" duration-ms="94153" started-at="2020-12-10T13:31:28Z" finished-at="2020-12-10T13:33:02Z">
      <class name="tests.SampleTest">
        <test-method status="PASS" signature="beforeTestMethod()[pri:0, instance:tests.SampleTest@1ed4004b]" name="beforeTestMethod" is-config="true" duration-ms="254" started-at="2020-12-10T19:01:28Z" finished-at="2020-12-10T19:01:29Z">
          <reporter-output>
          </reporter-output>
        </test-method> <!-- beforeTestMethod -->
        <test-method status="PASS" signature="setUp(java.lang.reflect.Method)[pri:0, instance:tests.SampleTest@1ed4004b]" name="setUp" is-config="true" duration-ms="17162" started-at="2020-12-10T19:01:29Z" finished-at="2020-12-10T19:01:46Z">
          <params>
            <param index="0">
              <value>
                <![CDATA[public void tests.SampleTest.ValidatingCartProductDetails() throws java.lang.InterruptedException,java.io.IOException]]>
              </value>
            </param>
          </params>
          <reporter-output>
          </reporter-output>
        </test-method> <!-- setUp -->
        <test-method status="PASS" signature="ValidatingCartProductDetails()[pri:0, instance:tests.SampleTest@1ed4004b]" name="ValidatingCartProductDetails" duration-ms="74369" started-at="2020-12-10T19:01:46Z" finished-at="2020-12-10T19:03:00Z">
          <reporter-output>
          </reporter-output>
        </test-method> <!-- ValidatingCartProductDetails -->
        <test-method status="PASS" signature="tearDown(org.testng.ITestResult)[pri:0, instance:tests.SampleTest@1ed4004b]" name="tearDown" is-config="true" duration-ms="2036" started-at="2020-12-10T19:03:00Z" finished-at="2020-12-10T19:03:02Z">
          <params>
            <param index="0">
              <value>
                <![CDATA[[TestResult name=ValidatingCartProductDetails status=SUCCESS method=SampleTest.ValidatingCartProductDetails()[pri:0, instance:tests.SampleTest@1ed4004b] output={null}]]]>
              </value>
            </param>
          </params>
          <reporter-output>
          </reporter-output>
        </test-method> <!-- tearDown -->
        <test-method status="PASS" signature="afterTestMethod()[pri:0, instance:tests.SampleTest@1ed4004b]" name="afterTestMethod" is-config="true" duration-ms="313" started-at="2020-12-10T19:03:02Z" finished-at="2020-12-10T19:03:02Z">
          <reporter-output>
          </reporter-output>
        </test-method> <!-- afterTestMethod -->
      </class> <!-- tests.SampleTest -->
    </test> <!-- AmazonAppTest -->
  </suite> <!-- Suite -->
</testng-results>
